Sep 12, 2024 12:23:57 PM com.provar.provardx.DxLoggingService configureLogger
SEVERE: Failed to configure logger. , cause: [AccessDeniedException: C:\Program Files\ProvarNew\provardx\dx.log.0.lck]Sep 12, 2024 12:23:57 PM com.provar.provardx.DxLoggingService configureLogger
SEVERE: Failed to configure logger. , cause: [AccessDeniedException: C:\Program Files\ProvarNew\provardx\dx.log.0.lck]Sep 12, 2024 12:23:57 PM com.provar.provardx.DxCommandContext resolveProvarHome
INFO: Resolving provar home.Sep 12, 2024 12:23:57 PM com.provar.provardx.DxCommandContext resolveProvarHome
INFO: Successfully resolved provar home. C:/Program Files/ProvarNew/Sep 12, 2024 12:23:57 PM com.provar.provardx.DxCommandContext resolveProvarJarPaths
INFO: Resolved Provar Core Library location. C:\Program Files\ProvarNew\pluginsSep 12, 2024 12:23:57 PM com.provar.provardx.DxCommandContext resolveUserHome
INFO: Resolved User Home location. C:\Users\anubhav.guptaResults Folder Handling.                ReplaceCreated results directory.              C:\Users\anubhav.gupta\Provar\Workspace_2\LearningProvar\provardx\ResultsCreated artifacts directory.            C:\Users\anubhav.gupta\Provar\Workspace_2\LearningProvar\provardx\Results\ArtifactsSep 12, 2024 12:23:57 PM com.provar.provardx.DxCommandContext loadTestProject
INFO: Loaded test project configuration.12:23:58.079 [main] DEBUG com.networknt.schema.PropertiesValidator -- validate( {"nitroXEnabled":true}, {"nitroXEnabled":true}, $)12:23:58.093 [main] DEBUG com.networknt.schema.TypeValidator -- validate( true, {"nitroXEnabled":true}, $.nitroXEnabled)12:23:58.094 [main] DEBUG com.networknt.schema.AdditionalPropertiesValidator -- validate( {"nitroXEnabled":true}, {"nitroXEnabled":true}, $)12:23:58.094 [main] DEBUG com.networknt.schema.TypeValidator -- validate( {"nitroXEnabled":true}, {"nitroXEnabled":true}, $)Sep 12, 2024 12:23:58 PM com.provar.provardx.DxCommandContext loadTestProject
INFO: Test Environment.Sep 12, 2024 12:23:58 PM com.provar.provardx.DxCommandContext loadTestProject
INFO: Web Browser Configuration.
Sep 12, 2024 12:23:58 PM com.provar.provardx.DxCommandContext loadTestProject
INFO: Web Browser.Sep 12, 2024 12:23:58 PM com.provar.provardx.DxCommandContext loadTestProject
INFO: Browser Provider.Sep 12, 2024 12:23:58 PM com.provar.provardx.DxCommandContext loadTestProject
INFO: Browser Provider Device.Sep 12, 2024 12:23:58 PM com.provar.provardx.runtest.DxTestRunner doOperation
INFO: ------------------Sep 12, 2024 12:23:58 PM com.provar.provardx.runtest.DxTestRunner doOperation
INFO: Validating LicenseSep 12, 2024 12:23:58 PM com.provar.provardx.runtest.DxTestRunner doOperation
INFO: ------------------Found Provar license.                   C:\Users\anubhav.gupta\Provar\.licenses\Anubhav's License.properties
Activating license ...License validation failed.              C:\Users\anubhav.gupta\Provar\.licenses\Anubhav's License.properties
Checking for another license.
Found Provar license.                   C:\Users\anubhav.gupta\Provar\.licenses\Anubhav's new License.properties
Activating license ...Provar license activated successfully.  C:\Users\anubhav.gupta\Provar\.licenses\Anubhav's new License.propertiesProvar license validated successfully.  C:\Users\anubhav.gupta\Provar\.licenses\Anubhav's new License.propertiesSep 12, 2024 12:24:02 PM com.provar.provardx.DxCommandContext compareProvarDxJarVersion
INFO: -------------------------------------------------------------------------------------Sep 12, 2024 12:24:02 PM com.provar.provardx.DxCommandContext compareProvarDxJarVersion
INFO: ProvarDx execution started with Provar Version 2.14.1.06
Sep 12, 2024 12:24:02 PM com.provar.provardx.DxCommandContext compareProvarDxJarVersion
INFO: -------------------------------------------------------------------------------------Sep 12, 2024 12:24:02 PM com.provar.provardx.DxCommandContext loadTestPlugins
INFO: Loaded Test Plugin.  Name: sf.Sep 12, 2024 12:24:02 PM com.provar.provardx.DxCommandContext findOrCreateTestEnvironment
INFO: Creating a new environment for dx command:Sep 12, 2024 12:24:02 PM com.provar.provardx.runtest.DxTestRunner addTestCases
INFO: Adding testcase. C:\Users\anubhav.gupta\Provar\Workspace_2\LearningProvar\tests\Basic Guide Impementation\UITestingDemo.testcaseFound test case. Basic Guide Impementation\UITestingDemo.testcaseTest Output INFO: Adding Test File.  File/Folder: C:\Users\anubhav.gupta\Provar\Workspace_2\LearningProvar\tests\Basic Guide Impementation\UITestingDemo.testcaseTest Output INFO: Added Execution Item.  testsTest Output INFO: Added Execution Item.  Basic Guide ImpementationTest Output INFO: Loading test case.  File: C:\Users\anubhav.gupta\Provar\Workspace_2\LearningProvar\tests\Basic Guide Impementation\UITestingDemo.testcaseTest Output INFO: Added Execution Item.  UITestingDemo.testcaseListening for transport dt_socket at address: 58645 (sf)Test Run StartedExecution Item Started.  Title: LearningProvar
Execution Item Started.  Title: tests
Execution Item Started.  Title: Basic Guide ImpementationSep 12, 2024 12:24:25 PM com.provar.provardx.DxCommandContext$2 executionItemStarting
INFO: Running Test Case. Basic Guide Impementation\UITestingDemo.testcaseExecution Item Started.  Title: UITestingDemo.testcaseExecution Item Starting.  Title: UI Connect: UI_ConnectionExecution Item Started.  Title: UI Connect: UI_ConnectionTest Output INFO: AutoRetry overrides:Test Output OFF: AutoRetry overrides:Test Output INFO: Opening Selenium Connection.  Connection Name: UI_Connection, Base URL: https://crio-qkart-frontend-qa.vercel.app/, Private Browsing Mode: falseTest Output INFO: Opening Chrome webdriver instance to https://crio-qkart-frontend-qa.vercel.app/Test Output OFF: Successfully opened Chrome webdriver to https://crio-qkart-frontend-qa.vercel.app/Test Output INFO: Selenium Connection opened successfully.Test Output INFO: UI Connect step is successTest Output OFF: UI Connect step is successExecution Item Ended.  Title: UI Connect: UI_Connection, failureCount: 0Execution Item Starting.  Title: Set Values: PasswordExecution Item Started.  Title: Set Values: PasswordTest Output INFO: Setting value Password to Anubhav@11
Test Output OFF: Successfully set Password to Anubhav@11Execution Item Ended.  Title: Set Values: Password, failureCount: 0Execution Item Starting.  Title: Set Values: UsernameExecution Item Started.  Title: Set Values: UsernameTest Output INFO: Setting value Username to M0YXPC7SL73PTest Output OFF: Successfully set Username to M0YXPC7SL73PExecution Item Ended.  Title: Set Values: Username, failureCount: 0Execution Item Starting.  Title: On LoginRegisterPage pageExecution Item Started.  Title: On LoginRegisterPage pageTest Output INFO: Start of With Screen.  Connection Name: UI_Connection, target: ui:pageobject:target?pageId=pageobjects.LoginRegisterPageTest Output INFO: Navigating to URL: https://crio-qkart-frontend-qa.vercel.app/Test Output INFO: Opening Page context.  Name: screen, data: pageobjects.LoginRegisterPage@54f0c833, frame: nullTest Output INFO: Going to update browser window handles.Test Output OFF: Successfully updated browser window handles.Execution Item Starting.  Title: Sub StepsExecution Item Started.  Title: Sub StepsExecution Item Starting.  Title: Call the Register methodExecution Item Started.  Title: Call the Register methodTest Output INFO: Start of Interact.  Connection: UI_Connection, Locator: ui:pageobject:method?pageId=pageobjects.LoginRegisterPage&operation=Register, before wait: null, after wait: ui:wait:timed?seconds=10, auto retry: defaultTest Output INFO: Locator: ui:pageobject:method?pageId=pageobjects.LoginRegisterPage&operation=RegisterTest Output INFO: Interaction: ui:interaction?name=invokeTest Output INFO: Switched focus to main window.  URL: https://crio-qkart-frontend-qa.vercel.app/Test Output INFO: Doing before wait.  waitUrl: defaultTest Output INFO: End of &lt;default&gt; wait.Test Output INFO: Doing after wait.  waitUrl: ui:wait:timed?seconds=10Test Output INFO: Got Page Object.  Class: pageobjects.LoginRegisterPageTest Output INFO: Extracted arg value.  Arg Name: param_user, value: M0YXPC7SL73PTest Output INFO: Extracted arg value.  Arg Name: param_pass, value: Anubhav@11Test Output INFO: Doing after wait.  waitUrl: ui:wait:timed?seconds=10Test Output INFO: Start of Timed Wait.  Seconds: 10Test Output INFO: End of Timed Wait.  Actual duration(seconds): 10.007Test Output INFO: Going to update browser window handles.Test Output OFF: Successfully updated browser window handles.Execution Item Ended.  Title: Call the Register method, failureCount: 0Execution Item Starting.  Title: Call the Login methodExecution Item Started.  Title: Call the Login methodTest Output INFO: Start of Interact.  Connection: UI_Connection, Locator: ui:pageobject:method?pageId=pageobjects.LoginRegisterPage&operation=Login, before wait: null, after wait: ui:wait:timed?seconds=10, auto retry: defaultTest Output INFO: Locator: ui:pageobject:method?pageId=pageobjects.LoginRegisterPage&operation=LoginTest Output INFO: Interaction: ui:interaction?name=invokeTest Output INFO: Switched focus to main window.  URL: https://crio-qkart-frontend-qa.vercel.app/registerTest Output INFO: Doing before wait.  waitUrl: defaultTest Output INFO: End of &lt;default&gt; wait.
Test Output INFO: Doing after wait.  waitUrl: ui:wait:timed?seconds=10Test Output INFO: Got Page Object.  Class: pageobjects.LoginRegisterPageTest Output INFO: Extracted arg value.  Arg Name: param_user, value: M0YXPC7SL73PTest Output INFO: Extracted arg value.  Arg Name: param_pass, value: Anubhav@11Test Output SEVERE: The Operation failed.  Page Object: pageobjects.LoginRegisterPage, operation: Login, cause: [NoSuchElementException: No elements matched the field locator.  Field name: login
For documentation on this error, please visit: https://www.selenium.dev/documentation/webdriver/troubleshooting/errors#no-such-element-exception
Build info: version: '4.16.1', revision: '9b4c83354e'
System info: os.name: 'Windows 11', os.arch: 'amd64', os.version: '10.0', java.version: '11.0.23'
Driver info: driver.version: unknown], stack trace: java.lang.reflect.InvocationTargetException
	at java.base/jdk.internal.reflect.NativeMethodAccessorImpl.invoke0(Native Method)
	at java.base/jdk.internal.reflect.NativeMethodAccessorImpl.invoke(NativeMethodAccessorImpl.java:62)
	at java.base/jdk.internal.reflect.DelegatingMethodAccessorImpl.invoke(DelegatingMethodAccessorImpl.java:43)
	at java.base/java.lang.reflect.Method.invoke(Method.java:566)
	at com.provar.plugins.forcedotcom.core.ui.SeleniumUiHandler.performInvokeInteraction(SeleniumUiHandler.java:3869)
	at com.provar.plugins.forcedotcom.core.ui.SeleniumUiHandler.performInteraction(SeleniumUiHandler.java:2613)
	at com.provar.plugins.forcedotcom.core.ui.SeleniumUiHandler.performInteraction(SeleniumUiHandler.java:2298)
	at com.provar.plugins.forcedotcom.core.ui.SeleniumUiHandler.perform(SeleniumUiHandler.java:434)
	at com.provar.core.testexecution.common.java.TestExecutionContextImpl.doConnectionOperation(TestExecutionContextImpl.java:866)
	at com.provar.plugins.forcedotcom.core.ui.UiDoAction.execute(UiDoAction.java:139)
	at java.base/jdk.internal.reflect.NativeMethodAccessorImpl.invoke0(Native Method)
	at java.base/jdk.internal.reflect.NativeMethodAccessorImpl.invoke(NativeMethodAccessorImpl.java:62)
	at java.base/jdk.internal.reflect.DelegatingMethodAccessorImpl.invoke(DelegatingMethodAccessorImpl.java:43)
	at java.base/java.lang.reflect.Method.invoke(Method.java:566)
	at com.provar.core.testexecution.container.java.TestExecutionContainerImpl.invokeTestApi(TestExecutionContainerImpl.java:798)
	at com.provar.core.testexecution.container.java.LocalTestExecutionContainerRunner.doInvokeTestApi(LocalTestExecutionContainerRunner.java:771)
	at com.provar.core.testexecution.container.java.LocalTestExecutionContainerRunner$MessageProcessor.run(LocalTestExecutionContainerRunner.java:1445)
Caused by: org.openqa.selenium.NoSuchElementException: No elements matched the field locator.  Field name: login
For documentation on this error, please visit: https://www.selenium.dev/documentation/webdriver/troubleshooting/errors#no-such-element-exception
Build info: version: '4.16.1', revision: '9b4c83354e'
System info: os.name: 'Windows 11', os.arch: 'amd64', os.version: '10.0', java.version: '11.0.23'
Driver info: driver.version: unknown
	at com.provar.plugins.forcedotcom.core.ui.ProvarFindByElementLocator.findElement(ProvarFindByElementLocator.java:96)
	at org.openqa.selenium.support.pagefactory.internal.LocatingElementHandler.invoke(LocatingElementHandler.java:38)
	at com.sun.proxy.$Proxy108.click(Unknown Source)
	at pageobjects.LoginRegisterPage.Login(LoginRegisterPage.java:54)
	... 17 moreTest Output INFO: Doing after wait.  waitUrl: ui:wait:timed?seconds=10
Test Output INFO: Start of Timed Wait.  Seconds: 10Test Output INFO: End of Timed Wait.  Actual duration(seconds): 10.013Test Output INFO: Going to update browser window handles.Test Output OFF: Successfully updated browser window handles.Test Output INFO: Going to update browser window handles.Test Output OFF: Successfully updated browser window handles.Execution Item Ended.  Title: Call the Login method, failureCount: 1Execution Item Ended.  Title: Sub Steps, failureCount: 1Test Output SEVERE: One or more Sub-Test Steps failed.Test Output INFO: Closing Page context.  Name: screen, data: null, frame: nullTest Output INFO: Main window reselected.  Window: mainTest Output INFO: Going to update browser window handles.Test Output OFF: Successfully updated browser window handles.Execution Item Ended.  Title: On LoginRegisterPage page, failureCount: 1Execution Item Skipped.  Title: On Home Page page, reason: Previous failureExecution Item Skipped.  Title: On Checkout Page page, reason: Previous failure
Execution Item Skipped.  Title: On Confirmation Page page, reason: Previous failureExecution Item Ended.  Title: UITestingDemo.testcase, failureCount: 1Test Output INFO: Handling managed resource.  Name: UI_ConnectionTest Output OFF: Selenium Connection handled successfully.  Name: UI_ConnectionExecution Item Ended.  Title: Basic Guide Impementation, failureCount: 1Execution Item Ended.  Title: tests, failureCount: 1Execution Item Ended.  Title: LearningProvar, failureCount: 1Test Run EndedJUnit XML report written successfully.C:\Users\anubhav.gupta\Provar\Workspace_2\LearningProvar\provardx\Results\JUnit.xmlCreate PDF execution report.            
Create zipped HTML report.              False
Send an email after execution.          FalseSep 12, 2024 5:45:11 PM com.provar.provardx.DxLoggingService configureLogger
SEVERE: Failed to configure logger. , cause: [AccessDeniedException: C:\Program Files\ProvarNew\provardx\dx.log.0.lck]Sep 12, 2024 5:45:11 PM com.provar.provardx.DxLoggingService configureLogger
SEVERE: Failed to configure logger. , cause: [AccessDeniedException: C:\Program Files\ProvarNew\provardx\dx.log.0.lck]Sep 12, 2024 5:45:11 PM com.provar.provardx.DxCommandContext resolveProvarHome
INFO: Resolving provar home.Sep 12, 2024 5:45:11 PM com.provar.provardx.DxCommandContext resolveProvarHome
INFO: Successfully resolved provar home. C:/Program Files/ProvarNew/Sep 12, 2024 5:45:11 PM com.provar.provardx.DxCommandContext resolveProvarJarPaths
INFO: Resolved Provar Core Library location. C:\Program Files\ProvarNew\pluginsSep 12, 2024 5:45:11 PM com.provar.provardx.DxCommandContext resolveUserHome
INFO: Resolved User Home location. C:\Users\anubhav.guptaResults Folder Handling.                ReplaceCleaning and using results directory.   C:\Users\anubhav.gupta\Provar\Workspace_2\LearningProvar\provardx\ResultsUsing results directory.                C:\Users\anubhav.gupta\Provar\Workspace_2\LearningProvar\provardx\ResultsCreated artifacts directory.            C:\Users\anubhav.gupta\Provar\Workspace_2\LearningProvar\provardx\Results\ArtifactsSep 12, 2024 5:45:12 PM com.provar.provardx.DxCommandContext loadTestProject
INFO: Loaded test project configuration.17:45:12.104 [main] DEBUG com.networknt.schema.PropertiesValidator -- validate( {"nitroXEnabled":true}, {"nitroXEnabled":true}, $)17:45:12.115 [main] DEBUG com.networknt.schema.TypeValidator -- validate( true, {"nitroXEnabled":true}, $.nitroXEnabled)17:45:12.115 [main] DEBUG com.networknt.schema.AdditionalPropertiesValidator -- validate( {"nitroXEnabled":true}, {"nitroXEnabled":true}, $)17:45:12.115 [main] DEBUG com.networknt.schema.TypeValidator -- validate( {"nitroXEnabled":true}, {"nitroXEnabled":true}, $)Sep 12, 2024 5:45:12 PM com.provar.provardx.DxCommandContext loadTestProject
INFO: Test Environment.Sep 12, 2024 5:45:12 PM com.provar.provardx.DxCommandContext loadTestProject
INFO: Web Browser Configuration.Sep 12, 2024 5:45:12 PM com.provar.provardx.DxCommandContext loadTestProject
INFO: Web Browser.Sep 12, 2024 5:45:12 PM com.provar.provardx.DxCommandContext loadTestProject
INFO: Browser Provider.Sep 12, 2024 5:45:12 PM com.provar.provardx.DxCommandContext loadTestProject
INFO: Browser Provider Device.Sep 12, 2024 5:45:12 PM com.provar.provardx.runtest.DxTestRunner doOperation
INFO: ------------------Sep 12, 2024 5:45:12 PM com.provar.provardx.runtest.DxTestRunner doOperation
INFO: Validating LicenseSep 12, 2024 5:45:12 PM com.provar.provardx.runtest.DxTestRunner doOperation
INFO: ------------------Found Provar license.                   C:\Users\anubhav.gupta\Provar\.licenses\Anubhav's License.propertiesActivating license ...License validation failed.              C:\Users\anubhav.gupta\Provar\.licenses\Anubhav's License.propertiesChecking for another license.
Found Provar license.                   C:\Users\anubhav.gupta\Provar\.licenses\Anubhav's new License.properties
Activating license ...Provar license activated successfully.  C:\Users\anubhav.gupta\Provar\.licenses\Anubhav's new License.propertiesProvar license validated successfully.  C:\Users\anubhav.gupta\Provar\.licenses\Anubhav's new License.propertiesSep 12, 2024 5:45:14 PM com.provar.provardx.DxCommandContext compareProvarDxJarVersion
INFO: -------------------------------------------------------------------------------------Sep 12, 2024 5:45:14 PM com.provar.provardx.DxCommandContext compareProvarDxJarVersion
INFO: ProvarDx execution started with Provar Version 2.14.1.06
Sep 12, 2024 5:45:14 PM com.provar.provardx.DxCommandContext compareProvarDxJarVersion
INFO: -------------------------------------------------------------------------------------Sep 12, 2024 5:45:14 PM com.provar.provardx.DxCommandContext loadTestPlugins
INFO: Loaded Test Plugin.  Name: sf.Sep 12, 2024 5:45:14 PM com.provar.provardx.DxCommandContext findOrCreateTestEnvironment
INFO: Creating a new environment for dx command:Sep 12, 2024 5:45:14 PM com.provar.provardx.runtest.DxTestRunner addTestCases
INFO: Adding testcase. C:\Users\anubhav.gupta\Provar\Workspace_2\LearningProvar\tests\Basic Guide Impementation\UITestingDemo.testcaseFound test case. Basic Guide Impementation\UITestingDemo.testcaseTest Output INFO: Adding Test File.  File/Folder: C:\Users\anubhav.gupta\Provar\Workspace_2\LearningProvar\tests\Basic Guide Impementation\UITestingDemo.testcaseTest Output INFO: Added Execution Item.  testsTest Output INFO: Added Execution Item.  Basic Guide ImpementationTest Output INFO: Loading test case.  File: C:\Users\anubhav.gupta\Provar\Workspace_2\LearningProvar\tests\Basic Guide Impementation\UITestingDemo.testcaseTest Output INFO: Added Execution Item.  UITestingDemo.testcaseListening for transport dt_socket at address: 60292 (sf)Test Run StartedExecution Item Started.  Title: LearningProvar
Execution Item Started.  Title: tests
Execution Item Started.  Title: Basic Guide ImpementationSep 12, 2024 5:45:18 PM com.provar.provardx.DxCommandContext$2 executionItemStarting
INFO: Running Test Case. Basic Guide Impementation\UITestingDemo.testcaseExecution Item Started.  Title: UITestingDemo.testcaseExecution Item Starting.  Title: UI Connect: UI_ConnectionExecution Item Started.  Title: UI Connect: UI_ConnectionTest Output INFO: AutoRetry overrides:Test Output OFF: AutoRetry overrides:Test Output INFO: Opening Selenium Connection.  Connection Name: UI_Connection, Base URL: https://crio-qkart-frontend-qa.vercel.app/, Private Browsing Mode: falseTest Output INFO: Opening Chrome webdriver instance to https://crio-qkart-frontend-qa.vercel.app/Test Output OFF: Successfully opened Chrome webdriver to https://crio-qkart-frontend-qa.vercel.app/Test Output INFO: Selenium Connection opened successfully.Test Output INFO: UI Connect step is successTest Output OFF: UI Connect step is successExecution Item Ended.  Title: UI Connect: UI_Connection, failureCount: 0Execution Item Starting.  Title: Set Values: PasswordExecution Item Started.  Title: Set Values: PasswordTest Output INFO: Setting value Password to Anubhav@11Test Output OFF: Successfully set Password to Anubhav@11Execution Item Ended.  Title: Set Values: Password, failureCount: 0Execution Item Starting.  Title: Set Values: UsernameExecution Item Started.  Title: Set Values: UsernameTest Output INFO: Setting value Username to M0Z95YUDYTX0
Test Output OFF: Successfully set Username to M0Z95YUDYTX0Execution Item Ended.  Title: Set Values: Username, failureCount: 0Execution Item Starting.  Title: On LoginRegisterPage pageExecution Item Started.  Title: On LoginRegisterPage pageTest Output INFO: Start of With Screen.  Connection Name: UI_Connection, target: ui:pageobject:target?pageId=pageobjects.LoginRegisterPageTest Output INFO: Navigating to URL: https://crio-qkart-frontend-qa.vercel.app/Test Output INFO: Opening Page context.  Name: screen, data: pageobjects.LoginRegisterPage@5172a8e, frame: nullTest Output INFO: Going to update browser window handles.Test Output OFF: Successfully updated browser window handles.Execution Item Starting.  Title: Sub StepsExecution Item Started.  Title: Sub StepsExecution Item Starting.  Title: Call the Register methodExecution Item Started.  Title: Call the Register methodTest Output INFO: Start of Interact.  Connection: UI_Connection, Locator: ui:pageobject:method?pageId=pageobjects.LoginRegisterPage&operation=Register, before wait: null, after wait: ui:wait:timed?seconds=10, auto retry: defaultTest Output INFO: Locator: ui:pageobject:method?pageId=pageobjects.LoginRegisterPage&operation=RegisterTest Output INFO: Interaction: ui:interaction?name=invokeTest Output INFO: Switched focus to main window.  URL: https://crio-qkart-frontend-qa.vercel.app/Test Output INFO: Doing before wait.  waitUrl: defaultTest Output INFO: End of &lt;default&gt; wait.
Test Output INFO: Doing after wait.  waitUrl: ui:wait:timed?seconds=10Test Output INFO: Got Page Object.  Class: pageobjects.LoginRegisterPageTest Output INFO: Extracted arg value.  Arg Name: param_user, value: M0Z95YUDYTX0Test Output INFO: Extracted arg value.  Arg Name: param_pass, value: Anubhav@11Test Output INFO: Doing after wait.  waitUrl: ui:wait:timed?seconds=10Test Output INFO: Start of Timed Wait.  Seconds: 10Test Output INFO: End of Timed Wait.  Actual duration(seconds): 10.013Test Output INFO: Going to update browser window handles.Test Output OFF: Successfully updated browser window handles.Execution Item Ended.  Title: Call the Register method, failureCount: 0
Execution Item Starting.  Title: Call the Login method
Execution Item Started.  Title: Call the Login methodTest Output INFO: Start of Interact.  Connection: UI_Connection, Locator: ui:pageobject:method?pageId=pageobjects.LoginRegisterPage&operation=Login, before wait: null, after wait: ui:wait:timed?seconds=10, auto retry: defaultTest Output INFO: Locator: ui:pageobject:method?pageId=pageobjects.LoginRegisterPage&operation=LoginTest Output INFO: Interaction: ui:interaction?name=invokeTest Output INFO: Switched focus to main window.  URL: https://crio-qkart-frontend-qa.vercel.app/loginTest Output INFO: Doing before wait.  waitUrl: defaultTest Output INFO: End of &lt;default&gt; wait.
Test Output INFO: Doing after wait.  waitUrl: ui:wait:timed?seconds=10
Test Output INFO: Got Page Object.  Class: pageobjects.LoginRegisterPageTest Output INFO: Extracted arg value.  Arg Name: param_user, value: M0Z95YUDYTX0Test Output INFO: Extracted arg value.  Arg Name: param_pass, value: Anubhav@11Test Output INFO: Doing after wait.  waitUrl: ui:wait:timed?seconds=10Test Output INFO: Start of Timed Wait.  Seconds: 10Test Output INFO: End of Timed Wait.  Actual duration(seconds): 10.009Test Output INFO: Going to update browser window handles.Test Output OFF: Successfully updated browser window handles.Execution Item Ended.  Title: Call the Login method, failureCount: 0Execution Item Ended.  Title: Sub Steps, failureCount: 0Test Output INFO: All Sub-Test Steps were successful.Test Output INFO: Closing Page context.  Name: screen, data: null, frame: nullTest Output INFO: Main window reselected.  Window: mainTest Output INFO: Going to update browser window handles.Test Output OFF: Successfully updated browser window handles.Execution Item Ended.  Title: On LoginRegisterPage page, failureCount: 0Execution Item Starting.  Title: On Home Page page
Execution Item Started.  Title: On Home Page pageTest Output INFO: Start of With Screen.  Connection Name: UI_Connection, target: ui:pageobject:target?pageId=pageobjects.HomePageTest Output INFO: Navigating to URL: https://crio-qkart-frontend-qa.vercel.app/Test Output INFO: Opening Page context.  Name: screen, data: pageobjects.HomePage@3e3d89d1, frame: nullTest Output INFO: Going to update browser window handles.Test Output OFF: Successfully updated browser window handles.Execution Item Starting.  Title: Sub Steps
Execution Item Started.  Title: Sub StepsExecution Item Starting.  Title: Call the searchItem methodExecution Item Started.  Title: Call the searchItem methodTest Output INFO: Start of Interact.  Connection: UI_Connection, Locator: ui:pageobject:method?pageId=pageobjects.HomePage&operation=searchItem, before wait: null, after wait: ui:wait:timed?seconds=10, auto retry: defaultTest Output INFO: Locator: ui:pageobject:method?pageId=pageobjects.HomePage&operation=searchItemTest Output INFO: Interaction: ui:interaction?name=invokeTest Output INFO: Switched focus to main window.  URL: https://crio-qkart-frontend-qa.vercel.app/Test Output INFO: Doing before wait.  waitUrl: defaultTest Output INFO: End of &lt;default&gt; wait.
Test Output INFO: Doing after wait.  waitUrl: ui:wait:timed?seconds=10Test Output INFO: Got Page Object.  Class: pageobjects.HomePageTest Output INFO: Extracted arg value.  Arg Name: param_productName, value: SofaTest Output INFO: Doing after wait.  waitUrl: ui:wait:timed?seconds=10Test Output INFO: Start of Timed Wait.  Seconds: 10Test Output INFO: End of Timed Wait.  Actual duration(seconds): 10.013Test Output INFO: Going to update browser window handles.Test Output OFF: Successfully updated browser window handles.Execution Item Ended.  Title: Call the searchItem method, failureCount: 0Execution Item Starting.  Title: Call the AddToCart methodExecution Item Started.  Title: Call the AddToCart methodTest Output INFO: Start of Interact.  Connection: UI_Connection, Locator: ui:pageobject:method?pageId=pageobjects.HomePage&operation=AddToCart, before wait: null, after wait: ui:wait:timed?seconds=5, auto retry: defaultTest Output INFO: Locator: ui:pageobject:method?pageId=pageobjects.HomePage&operation=AddToCartTest Output INFO: Interaction: ui:interaction?name=invokeTest Output INFO: Switched focus to main window.  URL: https://crio-qkart-frontend-qa.vercel.app/Test Output INFO: Doing before wait.  waitUrl: defaultTest Output INFO: End of &lt;default&gt; wait.Test Output INFO: Doing after wait.  waitUrl: ui:wait:timed?seconds=5
Test Output INFO: Got Page Object.  Class: pageobjects.HomePageTest Output INFO: Extracted arg value.  Arg Name: param_productName, value: SofaTest Output INFO: Doing after wait.  waitUrl: ui:wait:timed?seconds=5Test Output INFO: Start of Timed Wait.  Seconds: 5Test Output INFO: End of Timed Wait.  Actual duration(seconds): 5.01Test Output INFO: Going to update browser window handles.Test Output OFF: Successfully updated browser window handles.Execution Item Ended.  Title: Call the AddToCart method, failureCount: 0Execution Item Starting.  Title: Call the goToCheckOutPage methodExecution Item Started.  Title: Call the goToCheckOutPage methodTest Output INFO: Start of Interact.  Connection: UI_Connection, Locator: ui:pageobject:method?pageId=pageobjects.HomePage&operation=goToCheckOutPage, before wait: ui:wait:timed?seconds=5, after wait: ui:wait:timed?seconds=5, auto retry: defaultTest Output INFO: Locator: ui:pageobject:method?pageId=pageobjects.HomePage&operation=goToCheckOutPageTest Output INFO: Interaction: ui:interaction?name=invokeTest Output INFO: Switched focus to main window.  URL: https://crio-qkart-frontend-qa.vercel.app/Test Output INFO: Doing before wait.  waitUrl: ui:wait:timed?seconds=5Test Output INFO: Start of Timed Wait.  Seconds: 5Test Output INFO: End of Timed Wait.  Actual duration(seconds): 5.01Test Output INFO: Doing after wait.  waitUrl: ui:wait:timed?seconds=5Test Output INFO: Got Page Object.  Class: pageobjects.HomePageTest Output INFO: Doing after wait.  waitUrl: ui:wait:timed?seconds=5Test Output INFO: Start of Timed Wait.  Seconds: 5Test Output INFO: End of Timed Wait.  Actual duration(seconds): 5.002Test Output INFO: Going to update browser window handles.Test Output OFF: Successfully updated browser window handles.Execution Item Ended.  Title: Call the goToCheckOutPage method, failureCount: 0Execution Item Ended.  Title: Sub Steps, failureCount: 0Test Output INFO: All Sub-Test Steps were successful.Test Output INFO: Closing Page context.  Name: screen, data: null, frame: nullTest Output INFO: Main window reselected.  Window: mainTest Output INFO: Going to update browser window handles.Test Output OFF: Successfully updated browser window handles.Execution Item Ended.  Title: On Home Page page, failureCount: 0
Execution Item Starting.  Title: On Checkout Page pageExecution Item Started.  Title: On Checkout Page pageTest Output INFO: Start of With Screen.  Connection Name: UI_Connection, target: ui:pageobject:target?pageId=pageobjects.CheckoutPageTest Output INFO: Not navigating because Navigate=Dont.Test Output INFO: Opening Page context.  Name: screen, data: pageobjects.CheckoutPage@bbdc813, frame: nullTest Output INFO: Going to update browser window handles.Test Output OFF: Successfully updated browser window handles.Execution Item Starting.  Title: Sub Steps
Execution Item Started.  Title: Sub Steps
Execution Item Starting.  Title: Call the addNewAddress methodExecution Item Started.  Title: Call the addNewAddress methodTest Output INFO: Start of Interact.  Connection: UI_Connection, Locator: ui:pageobject:method?pageId=pageobjects.CheckoutPage&operation=addNewAddress, before wait: null, after wait: ui:wait:timed?seconds=10, auto retry: defaultTest Output INFO: Locator: ui:pageobject:method?pageId=pageobjects.CheckoutPage&operation=addNewAddressTest Output INFO: Interaction: ui:interaction?name=invokeTest Output INFO: Switched focus to main window.  URL: https://crio-qkart-frontend-qa.vercel.app/checkoutTest Output INFO: Doing before wait.  waitUrl: defaultTest Output INFO: End of &lt;default&gt; wait.Test Output INFO: Doing after wait.  waitUrl: ui:wait:timed?seconds=10Test Output INFO: Got Page Object.  Class: pageobjects.CheckoutPageTest Output INFO: Extracted arg value.  Arg Name: param_address, value: Tower C, Floor 14, Unitech cyber park, Sector 39, GurgaonTest Output INFO: Doing after wait.  waitUrl: ui:wait:timed?seconds=10Test Output INFO: Start of Timed Wait.  Seconds: 10Test Output INFO: End of Timed Wait.  Actual duration(seconds): 10.001Test Output INFO: Going to update browser window handles.Test Output OFF: Successfully updated browser window handles.Execution Item Ended.  Title: Call the addNewAddress method, failureCount: 0Execution Item Starting.  Title: Click the Select Address Web ElementExecution Item Started.  Title: Click the Select Address Web ElementTest Output INFO: Start of Interact.  Connection: UI_Connection, Locator: ui:pageobject:field?field=selectAddressWebElement&pageId=pageobjects.CheckoutPage, before wait: ui:wait:timed?seconds=5, after wait: ui:wait:timed?seconds=5, auto retry: ui:wait:autoRetry:timeout=10Test Output INFO: Locator: ui:pageobject:field?field=selectAddressWebElement&pageId=pageobjects.CheckoutPageTest Output INFO: Interaction: ui:interaction?name=actionTest Output INFO: Switched focus to main window.  URL: https://crio-qkart-frontend-qa.vercel.app/checkoutTest Output INFO: Doing before wait.  waitUrl: ui:wait:timed?seconds=5Test Output INFO: Start of Timed Wait.  Seconds: 5Test Output INFO: End of Timed Wait.  Actual duration(seconds): 5.004Test Output INFO: Doing after wait.  waitUrl: ui:wait:timed?seconds=5Test Output INFO: Hover>Clicking WebElement.  WebElement [tag: p, text: Tower C, Floor 14, Unitech cyber park, Sector 39, Gurgaon]Test Output INFO: Doing after wait.  waitUrl: ui:wait:timed?seconds=5Test Output INFO: Start of Timed Wait.  Seconds: 5Test Output INFO: End of Timed Wait.  Actual duration(seconds): 5.002Test Output INFO: Going to update browser window handles.Test Output OFF: Successfully updated browser window handles.Execution Item Ended.  Title: Click the Select Address Web Element, failureCount: 0Execution Item Starting.  Title: Call the placeOrder methodExecution Item Started.  Title: Call the placeOrder methodTest Output INFO: Start of Interact.  Connection: UI_Connection, Locator: ui:pageobject:method?pageId=pageobjects.CheckoutPage&operation=placeOrder, before wait: null, after wait: ui:wait:timed?seconds=5, auto retry: defaultTest Output INFO: Locator: ui:pageobject:method?pageId=pageobjects.CheckoutPage&operation=placeOrderTest Output INFO: Interaction: ui:interaction?name=invokeTest Output INFO: Switched focus to main window.  URL: https://crio-qkart-frontend-qa.vercel.app/checkoutTest Output INFO: Doing before wait.  waitUrl: defaultTest Output INFO: End of &lt;default&gt; wait.
Test Output INFO: Doing after wait.  waitUrl: ui:wait:timed?seconds=5Test Output INFO: Got Page Object.  Class: pageobjects.CheckoutPageTest Output INFO: Doing after wait.  waitUrl: ui:wait:timed?seconds=5Test Output INFO: Start of Timed Wait.  Seconds: 5Test Output INFO: End of Timed Wait.  Actual duration(seconds): 5.013Test Output INFO: Going to update browser window handles.Test Output OFF: Successfully updated browser window handles.Execution Item Ended.  Title: Call the placeOrder method, failureCount: 0Execution Item Ended.  Title: Sub Steps, failureCount: 0Test Output INFO: All Sub-Test Steps were successful.Test Output INFO: Closing Page context.  Name: screen, data: null, frame: nullTest Output INFO: Main window reselected.  Window: mainTest Output INFO: Going to update browser window handles.Test Output OFF: Successfully updated browser window handles.Execution Item Ended.  Title: On Checkout Page page, failureCount: 0
Execution Item Starting.  Title: On Confirmation Page page
Execution Item Started.  Title: On Confirmation Page pageTest Output INFO: Start of With Screen.  Connection Name: UI_Connection, target: ui:pageobject:target?pageId=pageobjects.ConfirmationPageTest Output INFO: Not navigating because Navigate=Dont.Test Output INFO: Opening Page context.  Name: screen, data: pageobjects.ConfirmationPage@593d435, frame: nullTest Output INFO: Going to update browser window handles.Test Output OFF: Successfully updated browser window handles.Execution Item Starting.  Title: Sub Steps
Execution Item Started.  Title: Sub StepsExecution Item Starting.  Title: Call the logout method
Execution Item Started.  Title: Call the logout methodTest Output INFO: Start of Interact.  Connection: UI_Connection, Locator: ui:pageobject:method?pageId=pageobjects.ConfirmationPage&operation=logout, before wait: null, after wait: null, auto retry: defaultTest Output INFO: Locator: ui:pageobject:method?pageId=pageobjects.ConfirmationPage&operation=logoutTest Output INFO: Interaction: ui:interaction?name=invokeTest Output INFO: Switched focus to main window.  URL: https://crio-qkart-frontend-qa.vercel.app/thanksTest Output INFO: Doing before wait.  waitUrl: defaultTest Output INFO: End of &lt;default&gt; wait.Test Output INFO: Doing after wait.  waitUrl: default
Test Output INFO: Got Page Object.  Class: pageobjects.ConfirmationPageTest Output INFO: Doing after wait.  waitUrl: defaultTest Output INFO: End of &lt;default&gt; wait.
Test Output INFO: Going to update browser window handles.Test Output OFF: Successfully updated browser window handles.Execution Item Ended.  Title: Call the logout method, failureCount: 0Execution Item Ended.  Title: Sub Steps, failureCount: 0Test Output INFO: All Sub-Test Steps were successful.Test Output INFO: Closing Page context.  Name: screen, data: null, frame: nullTest Output INFO: Main window reselected.  Window: mainTest Output INFO: Going to update browser window handles.Test Output OFF: Successfully updated browser window handles.Execution Item Ended.  Title: On Confirmation Page page, failureCount: 0Execution Item Ended.  Title: UITestingDemo.testcase, failureCount: 0Test Output INFO: Handling managed resource.  Name: UI_ConnectionTest Output OFF: Selenium Connection handled successfully.  Name: UI_ConnectionExecution Item Ended.  Title: Basic Guide Impementation, failureCount: 0Execution Item Ended.  Title: tests, failureCount: 0Execution Item Ended.  Title: LearningProvar, failureCount: 0Test Run EndedJUnit XML report written successfully.C:\Users\anubhav.gupta\Provar\Workspace_2\LearningProvar\provardx\Results\JUnit.xmlCreate PDF execution report.            
Create zipped HTML report.              False
Send an email after execution.          False